-!-!-!-!-!-!-!-!-!-!-!-!-!-!-!-!-!-!-!-!
ZoOaNnOuNcEr hErE!: ZoOkEePeR ZoOeY HeRe! EnJoY ThE ZoO!
-!-!-!-!-!-!-!-!-!-!-!-!-!-!-!-!-!-!-!-!
Just another day in paradise, Thinks Zane, as they wake up.
-!-!-!-!-!-!-!-!-!-!-!-!-!-!-!-!-!-!-!-!
ZoOaNnOuNcEr hErE!: ZaNe iS HeRe eVeRyOnE!
-!-!-!-!-!-!-!-!-!-!-!-!-!-!-!-!-!-!-!-!
Zane, the Zoo Keeper, is beginning his day at the Zoo.
Today, Zane is responsible for 8 differenttalker animals.
Under Zane's care today are:
--------------------
Animal #1
Name: Dover
Super Type: Canine
Sub Type: Dog
--------------------
Animal #2
Name: Dianne
Super Type: Feline
Sub Type: Cat
--------------------
Animal #3
Name: Wes
Super Type: Canine
Sub Type: Wolf
--------------------
Animal #4
Name: Larry
Super Type: Feline
Sub Type: Lion
--------------------
Animal #5
Name: Tim
Super Type: Feline
Sub Type: Tiger
--------------------
Animal #6
Name: Rachael
Super Type: Pachyderm
Sub Type: Rhino
--------------------
Animal #7
Name: Erica
Super Type: Pachyderm
Sub Type: Elephant
--------------------
Animal #8
Name: Hector
Super Type: Pachyderm
Sub Type: Hippo
-!-!-!-!-!-!-!-!-!-!-!-!-!-!-!-!-!-!-!-!
ZoOaNnOuNcEr hErE!: ZaNe iS WaKiNg aLl tHe aNiMaLs uP! CHeCk iT OuT!
-!-!-!-!-!-!-!-!-!-!-!-!-!-!-!-!-!-!-!-!
--------------------
Zane goes to wake up the animals under his care.
--------------------
Zane goes to wake up, Dover, the Dog!
I, Dover, the Dog, have had a lovely nap. I am now awake.
--------------------
Zane goes to wake up, Dianne, the Cat!
I, Dianne, the Cat, have had a lovely nap. I am now awake.
--------------------
Zane goes to wake up, Wes, the Wolf!
I, Wes, the Wolf, need a cup of coffee.
--------------------
Zane goes to wake up, Larry, the Lion!
I, Larry, the Lion, cannot BELIEVE YOU HAVE WOKEN ME FROM MY NAP.
--------------------
Zane goes to wake up, Tim, the Tiger!
I, Tim, the Tiger, cannot BELIEVE YOU HAVE WOKEN ME FROM MY NAP.
--------------------
Zane goes to wake up, Rachael, the Rhino!
I, Rachael, the Rhino, have had a lovely nap. I am now awake.
--------------------
Zane goes to wake up, Erica, the Elephant!
I, Erica, the Elephant, have had a lovely nap. I am now awake.
--------------------
Zane goes to wake up, Hector, the Hippo!
I, Hector, the Hippo, cannot BELIEVE YOU HAVE WOKEN ME FROM MY NAP.
-!-!-!-!-!-!-!-!-!-!-!-!-!-!-!-!-!-!-!-!
ZoOaNnOuNcEr hErE!: ZaNe iS NoW MaKiNg sUrE AlL ThE AnImAlS ArE GoOd tO Go!
-!-!-!-!-!-!-!-!-!-!-!-!-!-!-!-!-!-!-!-!
--------------------
Zane performs roll call on the animals under his care.
--------------------
Dover, the Dog, opens their mouth and borks.
--------------------
Dianne, the Cat, decides to play along.
Dianne, the Cat, opens their mouth and meows.
--------------------
Wes, the Wolf, opens their mouth and yips.
--------------------
Larry, the Lion, opens their mouth and rawrs.
--------------------
Tim, the Tiger, opens their mouth and rawrs.
--------------------
Rachael, the Rhino, opens their mouth and grunts, gutterally.
--------------------
Erica, the Elephant, opens their mouth and trumpets.
--------------------
Hector, the Hippo, opens their mouth and moos?.
-!-!-!-!-!-!-!-!-!-!-!-!-!-!-!-!-!-!-!-!
ZoOaNnOuNcEr hErE!: ZaNe iS NoW RuNnInG AlL ThOsE BaD BoYs (AnD GiRlS) aRoUnD
-!-!-!-!-!-!-!-!-!-!-!-!-!-!-!-!-!-!-!-!
--------------------
Zane helps the animals pump some iron (work out).
--------------------
Dover, the Dog, wanders around aimlessly.
--------------------
Dianne, the Cat, wanders around aimlessly.
--------------------
Wes, the Wolf, wanders around aimlessly.
--------------------
Larry, the Lion, wanders around aimlessly.
--------------------
Tim, the Tiger, wanders around aimlessly.
--------------------
Rachael, the Rhino, wanders around aimlessly.
--------------------
Erica, the Elephant, wanders around aimlessly.
--------------------
Hector, the Hippo, wanders around aimlessly.
-!-!-!-!-!-!-!-!-!-!-!-!-!-!-!-!-!-!-!-!
ZoOaNnOuNcEr hErE!: ZaNe iS AbOuT To fEeD ThEm aLl! HoW CuTe.
-!-!-!-!-!-!-!-!-!-!-!-!-!-!-!-!-!-!-!-!
--------------------
Zane is now going to feed all the animals.
--------------------
Dover, the Dog, goes and mows down on some beans and rice.
--------------------
Dianne, the Cat, goes and mows down on some beans and rice.
--------------------
Wes, the Wolf, goes and mows down on some beans and rice.
--------------------
Larry, the Lion, goes and mows down on some beans and rice.
--------------------
Tim, the Tiger, goes and mows down on some beans and rice.
--------------------
Rachael, the Rhino, goes and mows down on some beans and rice.
--------------------
Erica, the Elephant, goes and mows down on some beans and rice.
--------------------
Hector, the Hippo, goes and mows down on some beans and rice.
-!-!-!-!-!-!-!-!-!-!-!-!-!-!-!-!-!-!-!-!
ZoOaNnOuNcEr hErE!: ZaNe iS NoW GoInG To pUt aLl tHe aNiMaLs tO BeD. WHaT A LoVeLy dAy.
-!-!-!-!-!-!-!-!-!-!-!-!-!-!-!-!-!-!-!-!
--------------------
Zane begins closing the zoo, and putting the animals to bed.
--------------------
Dover, the Dog, makes a sad whimper and then lays down.
--------------------
Dianne, the Cat, finds the most comfy spot, donuts, and passes out.
--------------------
Wes, the Wolf, makes a sad whimper and then lays down.
--------------------
Larry, the Lion, finds the most comfy spot, donuts, and passes out.
--------------------
Tim, the Tiger, finds the most comfy spot, donuts, and passes out.
--------------------
Rachael, the Rhino, nods off and catches some zs.
--------------------
Erica, the Elephant, nods off and catches some zs.
--------------------
Hector, the Hippo, goes into the water, and dozes off.
